# JRE version: OpenJDK Runtime Environment Temurin-17.0.3+7 (17.0.3+7) (build 17.0.3+7)
# Java VM: OpenJDK 64-Bit Server VM Temurin-17.0.3+7 (17.0.3+7, mixed mode, emulated-client, tiered, compressed oops, compressed class ptrs, g1 gc, windows-amd64)
GC Precious Log:
 CPUs: 4 total, 4 available
 Memory: 3498M
 Large Page Support: Disabled
 NUMA Support: Disabled
 Compressed Oops: Enabled (32-bit)
 Heap Region Size: 1M
 Heap Min Capacity: 8M
 Heap Initial Capacity: 56M
 Heap Max Capacity: 876M
 Pre-touch: Disabled
 Parallel Workers: 4
 Concurrent Workers: 1
 Concurrent Refinement Workers: 4
 Periodic GC: Disabled
Heap:
 garbage-first heap   total 61440K, used 41894K [0x00000000c9400000, 0x0000000100000000)
  region size 1024K, 7 young (7168K), 2 survivors (2048K)
 Metaspace       used 34097K, committed 34432K, reserved 1081344K
  class space    used 4429K, committed 4608K, reserved 1048576K
GC Heap History (20 events):
Event: 2.047 GC heap before
{Heap before GC invocations=3 (full 0):
 garbage-first heap   total 57344K, used 32001K [0x00000000c9400000, 0x0000000100000000)
  region size 1024K, 25 young (25600K), 3 survivors (3072K)
 Metaspace       used 20856K, committed 21056K, reserved 1073152K
  class space    used 2524K, committed 2624K, reserved 1048576K
}
Event: 2.051 GC heap after
{Heap after GC invocations=4 (full 0):
 garbage-first heap   total 57344K, used 11843K [0x00000000c9400000, 0x0000000100000000)
  region size 1024K, 4 young (4096K), 4 survivors (4096K)
 Metaspace       used 20856K, committed 21056K, reserved 1073152K
  class space    used 2524K, committed 2624K, reserved 1048576K
}
Event: 2.087 GC heap before
{Heap before GC invocations=4 (full 0):
 garbage-first heap   total 57344K, used 13891K [0x00000000c9400000, 0x0000000100000000)
  region size 1024K, 7 young (7168K), 4 survivors (4096K)
 Metaspace       used 21360K, committed 21504K, reserved 1073152K
  class space    used 2607K, committed 2688K, reserved 1048576K
}
Event: 2.091 GC heap after
{Heap after GC invocations=5 (full 0):
 garbage-first heap   total 69632K, used 11808K [0x00000000c9400000, 0x0000000100000000)
  region size 1024K, 2 young (2048K), 2 survivors (2048K)
 Metaspace       used 21360K, committed 21504K, reserved 1073152K
  class space    used 2607K, committed 2688K, reserved 1048576K
}
Event: 3.117 GC heap before
{Heap before GC invocations=6 (full 0):
 garbage-first heap   total 51200K, used 39456K [0x00000000c9400000, 0x0000000100000000)
  region size 1024K, 30 young (30720K), 2 survivors (2048K)
 Metaspace       used 26193K, committed 26432K, reserved 1073152K
  class space    used 3215K, committed 3328K, reserved 1048576K
}
Event: 3.122 GC heap after
{Heap after GC invocations=7 (full 0):
 garbage-first heap   total 51200K, used 13579K [0x00000000c9400000, 0x0000000100000000)
  region size 1024K, 4 young (4096K), 4 survivors (4096K)
 Metaspace       used 26193K, committed 26432K, reserved 1073152K
  class space    used 3215K, committed 3328K, reserved 1048576K
}
Event: 3.710 GC heap before
{Heap before GC invocations=7 (full 0):
 garbage-first heap   total 51200K, used 34059K [0x00000000c9400000, 0x0000000100000000)
  region size 1024K, 25 young (25600K), 4 survivors (4096K)
 Metaspace       used 29686K, committed 29952K, reserved 1081344K
  class space    used 3740K, committed 3840K, reserved 1048576K
}
Event: 3.720 GC heap after
{Heap after GC invocations=8 (full 0):
 garbage-first heap   total 51200K, used 15643K [0x00000000c9400000, 0x0000000100000000)
  region size 1024K, 4 young (4096K), 4 survivors (4096K)
 Metaspace       used 29686K, committed 29952K, reserved 1081344K
  class space    used 3740K, committed 3840K, reserved 1048576K
}
Event: 4.432 GC heap before
{Heap before GC invocations=8 (full 0):
 garbage-first heap   total 51200K, used 36123K [0x00000000c9400000, 0x0000000100000000)
  region size 1024K, 24 young (24576K), 4 survivors (4096K)
 Metaspace       used 32757K, committed 33088K, reserved 1081344K
  class space    used 4171K, committed 4352K, reserved 1048576K
}
Event: 4.440 GC heap after
{Heap after GC invocations=9 (full 0):
 garbage-first heap   total 51200K, used 18034K [0x00000000c9400000, 0x0000000100000000)
  region size 1024K, 3 young (3072K), 3 survivors (3072K)
 Metaspace       used 32757K, committed 33088K, reserved 1081344K
  class space    used 4171K, committed 4352K, reserved 1048576K
}
Event: 4.631 GC heap before
{Heap before GC invocations=9 (full 0):
 garbage-first heap   total 51200K, used 34418K [0x00000000c9400000, 0x0000000100000000)
  region size 1024K, 20 young (20480K), 3 survivors (3072K)
 Metaspace       used 33175K, committed 33536K, reserved 1081344K
  class space    used 4235K, committed 4416K, reserved 1048576K
}
Event: 4.638 GC heap after
{Heap after GC invocations=10 (full 0):
 garbage-first heap   total 51200K, used 21435K [0x00000000c9400000, 0x0000000100000000)
  region size 1024K, 3 young (3072K), 3 survivors (3072K)
 Metaspace       used 33175K, committed 33536K, reserved 1081344K
  class space    used 4235K, committed 4416K, reserved 1048576K
}
Event: 4.747 GC heap before
{Heap before GC invocations=10 (full 0):
 garbage-first heap   total 51200K, used 36795K [0x00000000c9400000, 0x0000000100000000)
  region size 1024K, 18 young (18432K), 3 survivors (3072K)
 Metaspace       used 33543K, committed 33856K, reserved 1081344K
  class space    used 4322K, committed 4480K, reserved 1048576K
}
Event: 4.752 GC heap after
{Heap after GC invocations=11 (full 0):
 garbage-first heap   total 51200K, used 24741K [0x00000000c9400000, 0x0000000100000000)
  region size 1024K, 3 young (3072K), 3 survivors (3072K)
 Metaspace       used 33543K, committed 33856K, reserved 1081344K
  class space    used 4322K, committed 4480K, reserved 1048576K
}
Event: 4.811 GC heap before
{Heap before GC invocations=11 (full 0):
 garbage-first heap   total 51200K, used 38053K [0x00000000c9400000, 0x0000000100000000)
  region size 1024K, 16 young (16384K), 3 survivors (3072K)
 Metaspace       used 33707K, committed 34048K, reserved 1081344K
  class space    used 4367K, committed 4544K, reserved 1048576K
}
Event: 4.818 GC heap after
{Heap after GC invocations=12 (full 0):
 garbage-first heap   total 61440K, used 28400K [0x00000000c9400000, 0x0000000100000000)
  region size 1024K, 2 young (2048K), 2 survivors (2048K)
 Metaspace       used 33707K, committed 34048K, reserved 1081344K
  class space    used 4367K, committed 4544K, reserved 1048576K
}
Event: 5.206 GC heap before
{Heap before GC invocations=12 (full 0):
 garbage-first heap   total 61440K, used 43760K [0x00000000c9400000, 0x0000000100000000)
  region size 1024K, 18 young (18432K), 2 survivors (2048K)
 Metaspace       used 34006K, committed 34304K, reserved 1081344K
  class space    used 4419K, committed 4544K, reserved 1048576K
}
Event: 5.213 GC heap after
{Heap after GC invocations=13 (full 0):
 garbage-first heap   total 61440K, used 32523K [0x00000000c9400000, 0x0000000100000000)
  region size 1024K, 3 young (3072K), 3 survivors (3072K)
 Metaspace       used 34006K, committed 34304K, reserved 1081344K
  class space    used 4419K, committed 4544K, reserved 1048576K
}
Event: 5.343 GC heap before
{Heap before GC invocations=13 (full 0):
 garbage-first heap   total 61440K, used 43787K [0x00000000c9400000, 0x0000000100000000)
  region size 1024K, 15 young (15360K), 3 survivors (3072K)
 Metaspace       used 34008K, committed 34304K, reserved 1081344K
  class space    used 4420K, committed 4544K, reserved 1048576K
}
Event: 5.353 GC heap after
{Heap after GC invocations=14 (full 0):
 garbage-first heap   total 61440K, used 37798K [0x00000000c9400000, 0x0000000100000000)
  region size 1024K, 2 young (2048K), 2 survivors (2048K)
 Metaspace       used 34008K, committed 34304K, reserved 1081344K
  class space    used 4420K, committed 4544K, reserved 1048576K
}

