# JRE version: OpenJDK Runtime Environment Temurin-17.0.3+7 (17.0.3+7) (build 17.0.3+7)
# Java VM: OpenJDK 64-Bit Server VM Temurin-17.0.3+7 (17.0.3+7, mixed mode, emulated-client, tiered, compressed oops, compressed class ptrs, g1 gc, windows-amd64)
GC Precious Log:
 CPUs: 4 total, 4 available
 Memory: 3498M
 Large Page Support: Disabled
 NUMA Support: Disabled
 Compressed Oops: Enabled (32-bit)
 Heap Region Size: 1M
 Heap Min Capacity: 8M
 Heap Initial Capacity: 56M
 Heap Max Capacity: 876M
 Pre-touch: Disabled
 Parallel Workers: 4
 Concurrent Workers: 1
 Concurrent Refinement Workers: 4
 Periodic GC: Disabled
Heap:
 garbage-first heap   total 184320K, used 91061K [0x00000000c9400000, 0x0000000100000000)
  region size 1024K, 1 young (1024K), 1 survivors (1024K)
 Metaspace       used 34326K, committed 34624K, reserved 1081344K
  class space    used 4467K, committed 4608K, reserved 1048576K
GC Heap History (20 events):
Event: 189.916 GC heap after
{Heap after GC invocations=57 (full 0):
 garbage-first heap   total 135168K, used 78727K [0x00000000c9400000, 0x0000000100000000)
  region size 1024K, 3 young (3072K), 3 survivors (3072K)
 Metaspace       used 34326K, committed 34624K, reserved 1081344K
  class space    used 4467K, committed 4608K, reserved 1048576K
}
Event: 189.921 GC heap before
{Heap before GC invocations=57 (full 0):
 garbage-first heap   total 135168K, used 80775K [0x00000000c9400000, 0x0000000100000000)
  region size 1024K, 6 young (6144K), 3 survivors (3072K)
 Metaspace       used 34326K, committed 34624K, reserved 1081344K
  class space    used 4467K, committed 4608K, reserved 1048576K
}
Event: 189.924 GC heap after
{Heap after GC invocations=58 (full 0):
 garbage-first heap   total 135168K, used 78809K [0x00000000c9400000, 0x0000000100000000)
  region size 1024K, 1 young (1024K), 1 survivors (1024K)
 Metaspace       used 34326K, committed 34624K, reserved 1081344K
  class space    used 4467K, committed 4608K, reserved 1048576K
}
Event: 191.298 GC heap before
{Heap before GC invocations=58 (full 0):
 garbage-first heap   total 135168K, used 113625K [0x00000000c9400000, 0x0000000100000000)
  region size 1024K, 36 young (36864K), 1 survivors (1024K)
 Metaspace       used 34326K, committed 34624K, reserved 1081344K
  class space    used 4467K, committed 4608K, reserved 1048576K
}
Event: 191.300 GC heap after
{Heap after GC invocations=59 (full 0):
 garbage-first heap   total 135168K, used 80148K [0x00000000c9400000, 0x0000000100000000)
  region size 1024K, 2 young (2048K), 2 survivors (2048K)
 Metaspace       used 34326K, committed 34624K, reserved 1081344K
  class space    used 4467K, committed 4608K, reserved 1048576K
}
Event: 193.008 GC heap before
{Heap before GC invocations=60 (full 0):
 garbage-first heap   total 153600K, used 112916K [0x00000000c9400000, 0x0000000100000000)
  region size 1024K, 35 young (35840K), 2 survivors (2048K)
 Metaspace       used 34326K, committed 34624K, reserved 1081344K
  class space    used 4467K, committed 4608K, reserved 1048576K
}
Event: 193.011 GC heap after
{Heap after GC invocations=61 (full 0):
 garbage-first heap   total 153600K, used 81995K [0x00000000c9400000, 0x0000000100000000)
  region size 1024K, 4 young (4096K), 4 survivors (4096K)
 Metaspace       used 34326K, committed 34624K, reserved 1081344K
  class space    used 4467K, committed 4608K, reserved 1048576K
}
Event: 193.016 GC heap before
{Heap before GC invocations=61 (full 0):
 garbage-first heap   total 153600K, used 84043K [0x00000000c9400000, 0x0000000100000000)
  region size 1024K, 7 young (7168K), 4 survivors (4096K)
 Metaspace       used 34326K, committed 34624K, reserved 1081344K
  class space    used 4467K, committed 4608K, reserved 1048576K
}
Event: 193.019 GC heap after
{Heap after GC invocations=62 (full 0):
 garbage-first heap   total 153600K, used 82165K [0x00000000c9400000, 0x0000000100000000)
  region size 1024K, 1 young (1024K), 1 survivors (1024K)
 Metaspace       used 34326K, committed 34624K, reserved 1081344K
  class space    used 4467K, committed 4608K, reserved 1048576K
}
Event: 195.168 GC heap before
{Heap before GC invocations=62 (full 0):
 garbage-first heap   total 153600K, used 129269K [0x00000000c9400000, 0x0000000100000000)
  region size 1024K, 49 young (50176K), 1 survivors (1024K)
 Metaspace       used 34326K, committed 34624K, reserved 1081344K
  class space    used 4467K, committed 4608K, reserved 1048576K
}
Event: 195.171 GC heap after
{Heap after GC invocations=63 (full 0):
 garbage-first heap   total 153600K, used 84330K [0x00000000c9400000, 0x0000000100000000)
  region size 1024K, 3 young (3072K), 3 survivors (3072K)
 Metaspace       used 34326K, committed 34624K, reserved 1081344K
  class space    used 4467K, committed 4608K, reserved 1048576K
}
Event: 195.793 GC heap before
{Heap before GC invocations=64 (full 0):
 garbage-first heap   total 153600K, used 129386K [0x00000000c9400000, 0x0000000100000000)
  region size 1024K, 48 young (49152K), 3 survivors (3072K)
 Metaspace       used 34326K, committed 34624K, reserved 1081344K
  class space    used 4467K, committed 4608K, reserved 1048576K
}
Event: 195.796 GC heap after
{Heap after GC invocations=65 (full 0):
 garbage-first heap   total 153600K, used 86499K [0x00000000c9400000, 0x0000000100000000)
  region size 1024K, 5 young (5120K), 5 survivors (5120K)
 Metaspace       used 34326K, committed 34624K, reserved 1081344K
  class space    used 4467K, committed 4608K, reserved 1048576K
}
Event: 195.814 GC heap before
{Heap before GC invocations=65 (full 0):
 garbage-first heap   total 153600K, used 87523K [0x00000000c9400000, 0x0000000100000000)
  region size 1024K, 7 young (7168K), 5 survivors (5120K)
 Metaspace       used 34326K, committed 34624K, reserved 1081344K
  class space    used 4467K, committed 4608K, reserved 1048576K
}
Event: 195.817 GC heap after
{Heap after GC invocations=66 (full 0):
 garbage-first heap   total 153600K, used 86912K [0x00000000c9400000, 0x0000000100000000)
  region size 1024K, 1 young (1024K), 1 survivors (1024K)
 Metaspace       used 34326K, committed 34624K, reserved 1081344K
  class space    used 4467K, committed 4608K, reserved 1048576K
}
Event: 196.256 GC heap before
{Heap before GC invocations=66 (full 0):
 garbage-first heap   total 153600K, used 129920K [0x00000000c9400000, 0x0000000100000000)
  region size 1024K, 44 young (45056K), 1 survivors (1024K)
 Metaspace       used 34326K, committed 34624K, reserved 1081344K
  class space    used 4467K, committed 4608K, reserved 1048576K
}
Event: 196.258 GC heap after
{Heap after GC invocations=67 (full 0):
 garbage-first heap   total 153600K, used 88764K [0x00000000c9400000, 0x0000000100000000)
  region size 1024K, 3 young (3072K), 3 survivors (3072K)
 Metaspace       used 34326K, committed 34624K, reserved 1081344K
  class space    used 4467K, committed 4608K, reserved 1048576K
}
Event: 196.453 GC heap before
{Heap before GC invocations=68 (full 0):
 garbage-first heap   total 184320K, used 129724K [0x00000000c9400000, 0x0000000100000000)
  region size 1024K, 44 young (45056K), 3 survivors (3072K)
 Metaspace       used 34326K, committed 34624K, reserved 1081344K
  class space    used 4467K, committed 4608K, reserved 1048576K
}
Event: 196.457 GC heap after
{Heap after GC invocations=69 (full 0):
 garbage-first heap   total 184320K, used 90709K [0x00000000c9400000, 0x0000000100000000)
  region size 1024K, 5 young (5120K), 5 survivors (5120K)
 Metaspace       used 34326K, committed 34624K, reserved 1081344K
  class space    used 4467K, committed 4608K, reserved 1048576K
}
Event: 196.464 GC heap before
{Heap before GC invocations=69 (full 0):
 garbage-first heap   total 184320K, used 93781K [0x00000000c9400000, 0x0000000100000000)
  region size 1024K, 9 young (9216K), 5 survivors (5120K)
 Metaspace       used 34326K, committed 34624K, reserved 1081344K
  class space    used 4467K, committed 4608K, reserved 1048576K
}

