# JRE version: OpenJDK Runtime Environment Temurin-17.0.3+7 (17.0.3+7) (build 17.0.3+7)
# Java VM: OpenJDK 64-Bit Server VM Temurin-17.0.3+7 (17.0.3+7, mixed mode, emulated-client, tiered, compressed oops, compressed class ptrs, g1 gc, windows-amd64)
GC Precious Log:
 CPUs: 4 total, 4 available
 Memory: 3498M
 Large Page Support: Disabled
 NUMA Support: Disabled
 Compressed Oops: Enabled (32-bit)
 Heap Region Size: 1M
 Heap Min Capacity: 8M
 Heap Initial Capacity: 56M
 Heap Max Capacity: 876M
 Pre-touch: Disabled
 Parallel Workers: 4
 Concurrent Workers: 1
 Concurrent Refinement Workers: 4
 Periodic GC: Disabled
Heap:
 garbage-first heap   total 51200K, used 24803K [0x00000000c9400000, 0x0000000100000000)
  region size 1024K, 3 young (3072K), 3 survivors (3072K)
 Metaspace       used 32677K, committed 32960K, reserved 1081344K
  class space    used 4154K, committed 4288K, reserved 1048576K
GC Heap History (19 events):
Event: 0.719 GC heap before
{Heap before GC invocations=0 (full 0):
 garbage-first heap   total 57344K, used 12288K [0x00000000c9400000, 0x0000000100000000)
  region size 1024K, 13 young (13312K), 0 survivors (0K)
 Metaspace       used 6844K, committed 7040K, reserved 1056768K
  class space    used 716K, committed 832K, reserved 1048576K
}
Event: 0.725 GC heap after
{Heap after GC invocations=1 (full 0):
 garbage-first heap   total 57344K, used 6524K [0x00000000c9400000, 0x0000000100000000)
  region size 1024K, 2 young (2048K), 2 survivors (2048K)
 Metaspace       used 6844K, committed 7040K, reserved 1056768K
  class space    used 716K, committed 832K, reserved 1048576K
}
Event: 1.143 GC heap before
{Heap before GC invocations=1 (full 0):
 garbage-first heap   total 57344K, used 14716K [0x00000000c9400000, 0x0000000100000000)
  region size 1024K, 11 young (11264K), 2 survivors (2048K)
 Metaspace       used 10125K, committed 10240K, reserved 1064960K
  class space    used 1158K, committed 1216K, reserved 1048576K
}
Event: 1.148 GC heap after
{Heap after GC invocations=2 (full 0):
 garbage-first heap   total 57344K, used 8318K [0x00000000c9400000, 0x0000000100000000)
  region size 1024K, 2 young (2048K), 2 survivors (2048K)
 Metaspace       used 10125K, committed 10240K, reserved 1064960K
  class space    used 1158K, committed 1216K, reserved 1048576K
}
Event: 1.843 GC heap before
{Heap before GC invocations=2 (full 0):
 garbage-first heap   total 57344K, used 23678K [0x00000000c9400000, 0x0000000100000000)
  region size 1024K, 18 young (18432K), 2 survivors (2048K)
 Metaspace       used 15915K, committed 16064K, reserved 1064960K
  class space    used 1929K, committed 1984K, reserved 1048576K
}
Event: 1.851 GC heap after
{Heap after GC invocations=3 (full 0):
 garbage-first heap   total 57344K, used 10701K [0x00000000c9400000, 0x0000000100000000)
  region size 1024K, 3 young (3072K), 3 survivors (3072K)
 Metaspace       used 15915K, committed 16064K, reserved 1064960K
  class space    used 1929K, committed 1984K, reserved 1048576K
}
Event: 2.328 GC heap before
{Heap before GC invocations=3 (full 0):
 garbage-first heap   total 57344K, used 31181K [0x00000000c9400000, 0x0000000100000000)
  region size 1024K, 24 young (24576K), 3 survivors (3072K)
 Metaspace       used 20753K, committed 20992K, reserved 1073152K
  class space    used 2506K, committed 2624K, reserved 1048576K
}
Event: 2.332 GC heap after
{Heap after GC invocations=4 (full 0):
 garbage-first heap   total 57344K, used 12171K [0x00000000c9400000, 0x0000000100000000)
  region size 1024K, 2 young (2048K), 2 survivors (2048K)
 Metaspace       used 20753K, committed 20992K, reserved 1073152K
  class space    used 2506K, committed 2624K, reserved 1048576K
}
Event: 2.376 GC heap before
{Heap before GC invocations=4 (full 0):
 garbage-first heap   total 57344K, used 15243K [0x00000000c9400000, 0x0000000100000000)
  region size 1024K, 6 young (6144K), 2 survivors (2048K)
 Metaspace       used 21360K, committed 21504K, reserved 1073152K
  class space    used 2605K, committed 2688K, reserved 1048576K
}
Event: 2.378 GC heap after
{Heap after GC invocations=5 (full 0):
 garbage-first heap   total 57344K, used 12036K [0x00000000c9400000, 0x0000000100000000)
  region size 1024K, 2 young (2048K), 2 survivors (2048K)
 Metaspace       used 21360K, committed 21504K, reserved 1073152K
  class space    used 2605K, committed 2688K, reserved 1048576K
}
Event: 3.212 GC heap before
{Heap before GC invocations=6 (full 0):
 garbage-first heap   total 51200K, used 36612K [0x00000000c9400000, 0x0000000100000000)
  region size 1024K, 26 young (26624K), 2 survivors (2048K)
 Metaspace       used 25357K, committed 25600K, reserved 1073152K
  class space    used 3116K, committed 3264K, reserved 1048576K
}
Event: 3.217 GC heap after
{Heap after GC invocations=7 (full 0):
 garbage-first heap   total 51200K, used 13557K [0x00000000c9400000, 0x0000000100000000)
  region size 1024K, 3 young (3072K), 3 survivors (3072K)
 Metaspace       used 25357K, committed 25600K, reserved 1073152K
  class space    used 3116K, committed 3264K, reserved 1048576K
}
Event: 3.692 GC heap before
{Heap before GC invocations=7 (full 0):
 garbage-first heap   total 51200K, used 34037K [0x00000000c9400000, 0x0000000100000000)
  region size 1024K, 24 young (24576K), 3 survivors (3072K)
 Metaspace       used 28574K, committed 28864K, reserved 1081344K
  class space    used 3592K, committed 3712K, reserved 1048576K
}
Event: 3.702 GC heap after
{Heap after GC invocations=8 (full 0):
 garbage-first heap   total 51200K, used 15866K [0x00000000c9400000, 0x0000000100000000)
  region size 1024K, 3 young (3072K), 3 survivors (3072K)
 Metaspace       used 28574K, committed 28864K, reserved 1081344K
  class space    used 3592K, committed 3712K, reserved 1048576K
}
Event: 4.470 GC heap before
{Heap before GC invocations=8 (full 0):
 garbage-first heap   total 51200K, used 36346K [0x00000000c9400000, 0x0000000100000000)
  region size 1024K, 23 young (23552K), 3 survivors (3072K)
 Metaspace       used 32026K, committed 32256K, reserved 1081344K
  class space    used 4056K, committed 4160K, reserved 1048576K
}
Event: 4.475 GC heap after
{Heap after GC invocations=9 (full 0):
 garbage-first heap   total 51200K, used 17844K [0x00000000c9400000, 0x0000000100000000)
  region size 1024K, 3 young (3072K), 3 survivors (3072K)
 Metaspace       used 32026K, committed 32256K, reserved 1081344K
  class space    used 4056K, committed 4160K, reserved 1048576K
}
Event: 4.581 GC heap before
{Heap before GC invocations=9 (full 0):
 garbage-first heap   total 51200K, used 35252K [0x00000000c9400000, 0x0000000100000000)
  region size 1024K, 21 young (21504K), 3 survivors (3072K)
 Metaspace       used 32346K, committed 32640K, reserved 1081344K
  class space    used 4103K, committed 4224K, reserved 1048576K
}
Event: 4.587 GC heap after
{Heap after GC invocations=10 (full 0):
 garbage-first heap   total 51200K, used 21522K [0x00000000c9400000, 0x0000000100000000)
  region size 1024K, 3 young (3072K), 3 survivors (3072K)
 Metaspace       used 32346K, committed 32640K, reserved 1081344K
  class space    used 4103K, committed 4224K, reserved 1048576K
}
Event: 4.675 GC heap before
{Heap before GC invocations=10 (full 0):
 garbage-first heap   total 51200K, used 35858K [0x00000000c9400000, 0x0000000100000000)
  region size 1024K, 18 young (18432K), 3 survivors (3072K)
 Metaspace       used 32677K, committed 32960K, reserved 1081344K
  class space    used 4154K, committed 4288K, reserved 1048576K
}

