# JRE version: OpenJDK Runtime Environment Temurin-17.0.3+7 (17.0.3+7) (build 17.0.3+7)
# Java VM: OpenJDK 64-Bit Server VM Temurin-17.0.3+7 (17.0.3+7, mixed mode, emulated-client, tiered, compressed oops, compressed class ptrs, g1 gc, windows-amd64)
GC Precious Log:
 CPUs: 4 total, 4 available
 Memory: 3498M
 Large Page Support: Disabled
 NUMA Support: Disabled
 Compressed Oops: Enabled (32-bit)
 Heap Region Size: 1M
 Heap Min Capacity: 8M
 Heap Initial Capacity: 56M
 Heap Max Capacity: 876M
 Pre-touch: Disabled
 Parallel Workers: 4
 Concurrent Workers: 1
 Concurrent Refinement Workers: 4
 Periodic GC: Disabled
Heap:
 garbage-first heap   total 196608K, used 153103K [0x00000000c9400000, 0x0000000100000000)
  region size 1024K, 82 young (83968K), 9 survivors (9216K)
 Metaspace       used 34286K, committed 34624K, reserved 1081344K
  class space    used 4451K, committed 4608K, reserved 1048576K
GC Heap History (20 events):
Event: 30.752 GC heap before
{Heap before GC invocations=23 (full 0):
 garbage-first heap   total 142336K, used 109610K [0x00000000c9400000, 0x0000000100000000)
  region size 1024K, 64 young (65536K), 6 survivors (6144K)
 Metaspace       used 34284K, committed 34624K, reserved 1081344K
  class space    used 4451K, committed 4608K, reserved 1048576K
}
Event: 30.759 GC heap after
{Heap after GC invocations=24 (full 0):
 garbage-first heap   total 142336K, used 54378K [0x00000000c9400000, 0x0000000100000000)
  region size 1024K, 6 young (6144K), 6 survivors (6144K)
 Metaspace       used 34284K, committed 34624K, reserved 1081344K
  class space    used 4451K, committed 4608K, reserved 1048576K
}
Event: 30.870 GC heap before
{Heap before GC invocations=24 (full 0):
 garbage-first heap   total 142336K, used 112746K [0x00000000c9400000, 0x0000000100000000)
  region size 1024K, 64 young (65536K), 6 survivors (6144K)
 Metaspace       used 34284K, committed 34624K, reserved 1081344K
  class space    used 4451K, committed 4608K, reserved 1048576K
}
Event: 30.877 GC heap after
{Heap after GC invocations=25 (full 0):
 garbage-first heap   total 142336K, used 57478K [0x00000000c9400000, 0x0000000100000000)
  region size 1024K, 6 young (6144K), 6 survivors (6144K)
 Metaspace       used 34284K, committed 34624K, reserved 1081344K
  class space    used 4451K, committed 4608K, reserved 1048576K
}
Event: 30.988 GC heap before
{Heap before GC invocations=25 (full 0):
 garbage-first heap   total 142336K, used 114822K [0x00000000c9400000, 0x0000000100000000)
  region size 1024K, 63 young (64512K), 6 survivors (6144K)
 Metaspace       used 34284K, committed 34624K, reserved 1081344K
  class space    used 4451K, committed 4608K, reserved 1048576K
}
Event: 30.994 GC heap after
{Heap after GC invocations=26 (full 0):
 garbage-first heap   total 142336K, used 60093K [0x00000000c9400000, 0x0000000100000000)
  region size 1024K, 6 young (6144K), 6 survivors (6144K)
 Metaspace       used 34284K, committed 34624K, reserved 1081344K
  class space    used 4451K, committed 4608K, reserved 1048576K
}
Event: 31.858 GC heap before
{Heap before GC invocations=26 (full 0):
 garbage-first heap   total 142336K, used 116413K [0x00000000c9400000, 0x0000000100000000)
  region size 1024K, 62 young (63488K), 6 survivors (6144K)
 Metaspace       used 34284K, committed 34624K, reserved 1081344K
  class space    used 4451K, committed 4608K, reserved 1048576K
}
Event: 31.865 GC heap after
{Heap after GC invocations=27 (full 0):
 garbage-first heap   total 142336K, used 62983K [0x00000000c9400000, 0x0000000100000000)
  region size 1024K, 6 young (6144K), 6 survivors (6144K)
 Metaspace       used 34284K, committed 34624K, reserved 1081344K
  class space    used 4451K, committed 4608K, reserved 1048576K
}
Event: 34.320 GC heap before
{Heap before GC invocations=27 (full 0):
 garbage-first heap   total 142336K, used 117255K [0x00000000c9400000, 0x0000000100000000)
  region size 1024K, 60 young (61440K), 6 survivors (6144K)
 Metaspace       used 34284K, committed 34624K, reserved 1081344K
  class space    used 4451K, committed 4608K, reserved 1048576K
}
Event: 34.328 GC heap after
{Heap after GC invocations=28 (full 0):
 garbage-first heap   total 142336K, used 66255K [0x00000000c9400000, 0x0000000100000000)
  region size 1024K, 6 young (6144K), 6 survivors (6144K)
 Metaspace       used 34284K, committed 34624K, reserved 1081344K
  class space    used 4451K, committed 4608K, reserved 1048576K
}
Event: 37.842 GC heap before
{Heap before GC invocations=28 (full 0):
 garbage-first heap   total 142336K, used 118479K [0x00000000c9400000, 0x0000000100000000)
  region size 1024K, 58 young (59392K), 6 survivors (6144K)
 Metaspace       used 34284K, committed 34624K, reserved 1081344K
  class space    used 4451K, committed 4608K, reserved 1048576K
}
Event: 37.849 GC heap after
{Heap after GC invocations=29 (full 0):
 garbage-first heap   total 142336K, used 68652K [0x00000000c9400000, 0x0000000100000000)
  region size 1024K, 6 young (6144K), 6 survivors (6144K)
 Metaspace       used 34284K, committed 34624K, reserved 1081344K
  class space    used 4451K, committed 4608K, reserved 1048576K
}
Event: 37.954 GC heap before
{Heap before GC invocations=29 (full 0):
 garbage-first heap   total 142336K, used 118828K [0x00000000c9400000, 0x0000000100000000)
  region size 1024K, 56 young (57344K), 6 survivors (6144K)
 Metaspace       used 34284K, committed 34624K, reserved 1081344K
  class space    used 4451K, committed 4608K, reserved 1048576K
}
Event: 37.960 GC heap after
{Heap after GC invocations=30 (full 0):
 garbage-first heap   total 142336K, used 72352K [0x00000000c9400000, 0x0000000100000000)
  region size 1024K, 7 young (7168K), 7 survivors (7168K)
 Metaspace       used 34284K, committed 34624K, reserved 1081344K
  class space    used 4451K, committed 4608K, reserved 1048576K
}
Event: 38.056 GC heap before
{Heap before GC invocations=30 (full 0):
 garbage-first heap   total 142336K, used 118432K [0x00000000c9400000, 0x0000000100000000)
  region size 1024K, 53 young (54272K), 7 survivors (7168K)
 Metaspace       used 34284K, committed 34624K, reserved 1081344K
  class space    used 4451K, committed 4608K, reserved 1048576K
}
Event: 38.117 GC heap after
{Heap after GC invocations=31 (full 0):
 garbage-first heap   total 196608K, used 74406K [0x00000000c9400000, 0x0000000100000000)
  region size 1024K, 6 young (6144K), 6 survivors (6144K)
 Metaspace       used 34284K, committed 34624K, reserved 1081344K
  class space    used 4451K, committed 4608K, reserved 1048576K
}
Event: 38.435 GC heap before
{Heap before GC invocations=31 (full 0):
 garbage-first heap   total 196608K, used 156326K [0x00000000c9400000, 0x0000000100000000)
  region size 1024K, 87 young (89088K), 6 survivors (6144K)
 Metaspace       used 34284K, committed 34624K, reserved 1081344K
  class space    used 4451K, committed 4608K, reserved 1048576K
}
Event: 38.444 GC heap after
{Heap after GC invocations=32 (full 0):
 garbage-first heap   total 196608K, used 77680K [0x00000000c9400000, 0x0000000100000000)
  region size 1024K, 9 young (9216K), 9 survivors (9216K)
 Metaspace       used 34284K, committed 34624K, reserved 1081344K
  class space    used 4451K, committed 4608K, reserved 1048576K
}
Event: 38.704 GC heap before
{Heap before GC invocations=32 (full 0):
 garbage-first heap   total 196608K, used 161648K [0x00000000c9400000, 0x0000000100000000)
  region size 1024K, 91 young (93184K), 9 survivors (9216K)
 Metaspace       used 34286K, committed 34624K, reserved 1081344K
  class space    used 4451K, committed 4608K, reserved 1048576K
}
Event: 39.005 GC heap after
{Heap after GC invocations=33 (full 0):
 garbage-first heap   total 196608K, used 80399K [0x00000000c9400000, 0x0000000100000000)
  region size 1024K, 9 young (9216K), 9 survivors (9216K)
 Metaspace       used 34286K, committed 34624K, reserved 1081344K
  class space    used 4451K, committed 4608K, reserved 1048576K
}

