# JRE version: OpenJDK Runtime Environment Temurin-17.0.3+7 (17.0.3+7) (build 17.0.3+7)
# Java VM: OpenJDK 64-Bit Server VM Temurin-17.0.3+7 (17.0.3+7, mixed mode, emulated-client, tiered, compressed oops, compressed class ptrs, g1 gc, windows-amd64)
GC Precious Log:
 CPUs: 4 total, 4 available
 Memory: 3498M
 Large Page Support: Disabled
 NUMA Support: Disabled
 Compressed Oops: Enabled (32-bit)
 Heap Region Size: 1M
 Heap Min Capacity: 8M
 Heap Initial Capacity: 56M
 Heap Max Capacity: 876M
 Pre-touch: Disabled
 Parallel Workers: 4
 Concurrent Workers: 1
 Concurrent Refinement Workers: 4
 Periodic GC: Disabled
Heap:
 garbage-first heap   total 65536K, used 40390K [0x00000000c9400000, 0x0000000100000000)
  region size 1024K, 2 young (2048K), 2 survivors (2048K)
 Metaspace       used 32804K, committed 33088K, reserved 1081344K
  class space    used 4182K, committed 4288K, reserved 1048576K
GC Heap History (20 events):
Event: 20.208 GC heap after
{Heap after GC invocations=5 (full 0):
 garbage-first heap   total 57344K, used 11748K [0x00000000c9400000, 0x0000000100000000)
  region size 1024K, 2 young (2048K), 2 survivors (2048K)
 Metaspace       used 21362K, committed 21504K, reserved 1073152K
  class space    used 2608K, committed 2688K, reserved 1048576K
}
Event: 23.112 GC heap before
{Heap before GC invocations=6 (full 0):
 garbage-first heap   total 55296K, used 35300K [0x00000000c9400000, 0x0000000100000000)
  region size 1024K, 26 young (26624K), 2 survivors (2048K)
 Metaspace       used 25205K, committed 25536K, reserved 1073152K
  class space    used 3097K, committed 3264K, reserved 1048576K
}
Event: 23.117 GC heap after
{Heap after GC invocations=7 (full 0):
 garbage-first heap   total 55296K, used 13442K [0x00000000c9400000, 0x0000000100000000)
  region size 1024K, 3 young (3072K), 3 survivors (3072K)
 Metaspace       used 25205K, committed 25536K, reserved 1073152K
  class space    used 3097K, committed 3264K, reserved 1048576K
}
Event: 35.572 GC heap before
{Heap before GC invocations=8 (full 0):
 garbage-first heap   total 51200K, used 38018K [0x00000000c9400000, 0x0000000100000000)
  region size 1024K, 28 young (28672K), 3 survivors (3072K)
 Metaspace       used 29640K, committed 29952K, reserved 1081344K
  class space    used 3735K, committed 3904K, reserved 1048576K
}
Event: 35.585 GC heap after
{Heap after GC invocations=9 (full 0):
 garbage-first heap   total 51200K, used 15725K [0x00000000c9400000, 0x0000000100000000)
  region size 1024K, 4 young (4096K), 4 survivors (4096K)
 Metaspace       used 29640K, committed 29952K, reserved 1081344K
  class space    used 3735K, committed 3904K, reserved 1048576K
}
Event: 36.578 GC heap before
{Heap before GC invocations=9 (full 0):
 garbage-first heap   total 51200K, used 35181K [0x00000000c9400000, 0x0000000100000000)
  region size 1024K, 24 young (24576K), 4 survivors (4096K)
 Metaspace       used 30923K, committed 31232K, reserved 1081344K
  class space    used 3896K, committed 4032K, reserved 1048576K
}
Event: 36.592 GC heap after
{Heap after GC invocations=10 (full 0):
 garbage-first heap   total 51200K, used 19538K [0x00000000c9400000, 0x0000000100000000)
  region size 1024K, 3 young (3072K), 3 survivors (3072K)
 Metaspace       used 30923K, committed 31232K, reserved 1081344K
  class space    used 3896K, committed 4032K, reserved 1048576K
}
Event: 36.719 GC heap before
{Heap before GC invocations=10 (full 0):
 garbage-first heap   total 51200K, used 34898K [0x00000000c9400000, 0x0000000100000000)
  region size 1024K, 19 young (19456K), 3 survivors (3072K)
 Metaspace       used 31211K, committed 31488K, reserved 1081344K
  class space    used 3931K, committed 4032K, reserved 1048576K
}
Event: 36.727 GC heap after
{Heap after GC invocations=11 (full 0):
 garbage-first heap   total 51200K, used 22796K [0x00000000c9400000, 0x0000000100000000)
  region size 1024K, 3 young (3072K), 3 survivors (3072K)
 Metaspace       used 31211K, committed 31488K, reserved 1081344K
  class space    used 3931K, committed 4032K, reserved 1048576K
}
Event: 36.960 GC heap before
{Heap before GC invocations=11 (full 0):
 garbage-first heap   total 51200K, used 37132K [0x00000000c9400000, 0x0000000100000000)
  region size 1024K, 17 young (17408K), 3 survivors (3072K)
 Metaspace       used 31749K, committed 32000K, reserved 1081344K
  class space    used 4021K, committed 4160K, reserved 1048576K
}
Event: 36.965 GC heap after
{Heap after GC invocations=12 (full 0):
 garbage-first heap   total 51200K, used 26023K [0x00000000c9400000, 0x0000000100000000)
  region size 1024K, 3 young (3072K), 3 survivors (3072K)
 Metaspace       used 31749K, committed 32000K, reserved 1081344K
  class space    used 4021K, committed 4160K, reserved 1048576K
}
Event: 37.026 GC heap before
{Heap before GC invocations=12 (full 0):
 garbage-first heap   total 51200K, used 37287K [0x00000000c9400000, 0x0000000100000000)
  region size 1024K, 14 young (14336K), 3 survivors (3072K)
 Metaspace       used 31923K, committed 32192K, reserved 1081344K
  class space    used 4048K, committed 4160K, reserved 1048576K
}
Event: 37.034 GC heap after
{Heap after GC invocations=13 (full 0):
 garbage-first heap   total 51200K, used 30988K [0x00000000c9400000, 0x0000000100000000)
  region size 1024K, 2 young (2048K), 2 survivors (2048K)
 Metaspace       used 31923K, committed 32192K, reserved 1081344K
  class space    used 4048K, committed 4160K, reserved 1048576K
}
Event: 37.936 GC heap before
{Heap before GC invocations=14 (full 0):
 garbage-first heap   total 56320K, used 37132K [0x00000000c9400000, 0x0000000100000000)
  region size 1024K, 8 young (8192K), 2 survivors (2048K)
 Metaspace       used 32704K, committed 33024K, reserved 1081344K
  class space    used 4169K, committed 4288K, reserved 1048576K
}
Event: 37.941 GC heap after
{Heap after GC invocations=15 (full 0):
 garbage-first heap   total 56320K, used 32261K [0x00000000c9400000, 0x0000000100000000)
  region size 1024K, 1 young (1024K), 1 survivors (1024K)
 Metaspace       used 32704K, committed 33024K, reserved 1081344K
  class space    used 4169K, committed 4288K, reserved 1048576K
}
Event: 41.480 GC heap before
{Heap before GC invocations=15 (full 0):
 garbage-first heap   total 56320K, used 40453K [0x00000000c9400000, 0x0000000100000000)
  region size 1024K, 9 young (9216K), 1 survivors (1024K)
 Metaspace       used 32713K, committed 33024K, reserved 1081344K
  class space    used 4171K, committed 4288K, reserved 1048576K
}
Event: 41.481 GC heap after
{Heap after GC invocations=16 (full 0):
 garbage-first heap   total 56320K, used 32499K [0x00000000c9400000, 0x0000000100000000)
  region size 1024K, 2 young (2048K), 2 survivors (2048K)
 Metaspace       used 32713K, committed 33024K, reserved 1081344K
  class space    used 4171K, committed 4288K, reserved 1048576K
}
Event: 41.569 GC heap before
{Heap before GC invocations=17 (full 0):
 garbage-first heap   total 65536K, used 40691K [0x00000000c9400000, 0x0000000100000000)
  region size 1024K, 10 young (10240K), 2 survivors (2048K)
 Metaspace       used 32715K, committed 33024K, reserved 1081344K
  class space    used 4171K, committed 4288K, reserved 1048576K
}
Event: 41.573 GC heap after
{Heap after GC invocations=18 (full 0):
 garbage-first heap   total 65536K, used 34823K [0x00000000c9400000, 0x0000000100000000)
  region size 1024K, 2 young (2048K), 2 survivors (2048K)
 Metaspace       used 32715K, committed 33024K, reserved 1081344K
  class space    used 4171K, committed 4288K, reserved 1048576K
}
Event: 42.930 GC heap before
{Heap before GC invocations=18 (full 0):
 garbage-first heap   total 65536K, used 47111K [0x00000000c9400000, 0x0000000100000000)
  region size 1024K, 15 young (15360K), 2 survivors (2048K)
 Metaspace       used 32804K, committed 33088K, reserved 1081344K
  class space    used 4182K, committed 4288K, reserved 1048576K
}

