# JRE version: OpenJDK Runtime Environment Temurin-17.0.3+7 (17.0.3+7) (build 17.0.3+7)
# Java VM: OpenJDK 64-Bit Server VM Temurin-17.0.3+7 (17.0.3+7, mixed mode, emulated-client, tiered, compressed oops, compressed class ptrs, g1 gc, windows-amd64)
GC Precious Log:
 CPUs: 4 total, 4 available
 Memory: 3498M
 Large Page Support: Disabled
 NUMA Support: Disabled
 Compressed Oops: Enabled (32-bit)
 Heap Region Size: 1M
 Heap Min Capacity: 8M
 Heap Initial Capacity: 56M
 Heap Max Capacity: 876M
 Pre-touch: Disabled
 Parallel Workers: 4
 Concurrent Workers: 1
 Concurrent Refinement Workers: 4
 Periodic GC: Disabled
Heap:
 garbage-first heap   total 55296K, used 15319K [0x00000000c9400000, 0x0000000100000000)
  region size 1024K, 1 young (1024K), 0 survivors (0K)
 Metaspace       used 40948K, committed 41408K, reserved 1089536K
  class space    used 5642K, committed 5824K, reserved 1048576K
GC Heap History (20 events):
Event: 10442.654 GC heap before
{Heap before GC invocations=1064 (full 1008):
 garbage-first heap   total 55296K, used 15319K [0x00000000c9400000, 0x0000000100000000)
  region size 1024K, 1 young (1024K), 0 survivors (0K)
 Metaspace       used 40948K, committed 41408K, reserved 1089536K
  class space    used 5642K, committed 5824K, reserved 1048576K
}
Event: 10442.679 GC heap after
{Heap after GC invocations=1065 (full 1009):
 garbage-first heap   total 55296K, used 15319K [0x00000000c9400000, 0x0000000100000000)
  region size 1024K, 0 young (0K), 0 survivors (0K)
 Metaspace       used 40948K, committed 41408K, reserved 1089536K
  class space    used 5642K, committed 5824K, reserved 1048576K
}
Event: 10452.812 GC heap before
{Heap before GC invocations=1065 (full 1009):
 garbage-first heap   total 55296K, used 15319K [0x00000000c9400000, 0x0000000100000000)
  region size 1024K, 1 young (1024K), 0 survivors (0K)
 Metaspace       used 40948K, committed 41408K, reserved 1089536K
  class space    used 5642K, committed 5824K, reserved 1048576K
}
Event: 10452.837 GC heap after
{Heap after GC invocations=1066 (full 1010):
 garbage-first heap   total 55296K, used 15319K [0x00000000c9400000, 0x0000000100000000)
  region size 1024K, 0 young (0K), 0 survivors (0K)
 Metaspace       used 40948K, committed 41408K, reserved 1089536K
  class space    used 5642K, committed 5824K, reserved 1048576K
}
Event: 10462.964 GC heap before
{Heap before GC invocations=1066 (full 1010):
 garbage-first heap   total 55296K, used 15319K [0x00000000c9400000, 0x0000000100000000)
  region size 1024K, 1 young (1024K), 0 survivors (0K)
 Metaspace       used 40948K, committed 41408K, reserved 1089536K
  class space    used 5642K, committed 5824K, reserved 1048576K
}
Event: 10462.995 GC heap after
{Heap after GC invocations=1067 (full 1011):
 garbage-first heap   total 55296K, used 15319K [0x00000000c9400000, 0x0000000100000000)
  region size 1024K, 0 young (0K), 0 survivors (0K)
 Metaspace       used 40948K, committed 41408K, reserved 1089536K
  class space    used 5642K, committed 5824K, reserved 1048576K
}
Event: 10473.212 GC heap before
{Heap before GC invocations=1067 (full 1011):
 garbage-first heap   total 55296K, used 15319K [0x00000000c9400000, 0x0000000100000000)
  region size 1024K, 1 young (1024K), 0 survivors (0K)
 Metaspace       used 40948K, committed 41408K, reserved 1089536K
  class space    used 5642K, committed 5824K, reserved 1048576K
}
Event: 10473.234 GC heap after
{Heap after GC invocations=1068 (full 1012):
 garbage-first heap   total 55296K, used 15319K [0x00000000c9400000, 0x0000000100000000)
  region size 1024K, 0 young (0K), 0 survivors (0K)
 Metaspace       used 40948K, committed 41408K, reserved 1089536K
  class space    used 5642K, committed 5824K, reserved 1048576K
}
Event: 10483.362 GC heap before
{Heap before GC invocations=1068 (full 1012):
 garbage-first heap   total 55296K, used 15319K [0x00000000c9400000, 0x0000000100000000)
  region size 1024K, 1 young (1024K), 0 survivors (0K)
 Metaspace       used 40948K, committed 41408K, reserved 1089536K
  class space    used 5642K, committed 5824K, reserved 1048576K
}
Event: 10483.386 GC heap after
{Heap after GC invocations=1069 (full 1013):
 garbage-first heap   total 55296K, used 15319K [0x00000000c9400000, 0x0000000100000000)
  region size 1024K, 0 young (0K), 0 survivors (0K)
 Metaspace       used 40948K, committed 41408K, reserved 1089536K
  class space    used 5642K, committed 5824K, reserved 1048576K
}
Event: 10493.513 GC heap before
{Heap before GC invocations=1069 (full 1013):
 garbage-first heap   total 55296K, used 15319K [0x00000000c9400000, 0x0000000100000000)
  region size 1024K, 1 young (1024K), 0 survivors (0K)
 Metaspace       used 40948K, committed 41408K, reserved 1089536K
  class space    used 5642K, committed 5824K, reserved 1048576K
}
Event: 10493.536 GC heap after
{Heap after GC invocations=1070 (full 1014):
 garbage-first heap   total 55296K, used 15319K [0x00000000c9400000, 0x0000000100000000)
  region size 1024K, 0 young (0K), 0 survivors (0K)
 Metaspace       used 40948K, committed 41408K, reserved 1089536K
  class space    used 5642K, committed 5824K, reserved 1048576K
}
Event: 10503.680 GC heap before
{Heap before GC invocations=1070 (full 1014):
 garbage-first heap   total 55296K, used 15319K [0x00000000c9400000, 0x0000000100000000)
  region size 1024K, 1 young (1024K), 0 survivors (0K)
 Metaspace       used 40948K, committed 41408K, reserved 1089536K
  class space    used 5642K, committed 5824K, reserved 1048576K
}
Event: 10503.705 GC heap after
{Heap after GC invocations=1071 (full 1015):
 garbage-first heap   total 55296K, used 15319K [0x00000000c9400000, 0x0000000100000000)
  region size 1024K, 0 young (0K), 0 survivors (0K)
 Metaspace       used 40948K, committed 41408K, reserved 1089536K
  class space    used 5642K, committed 5824K, reserved 1048576K
}
Event: 10513.852 GC heap before
{Heap before GC invocations=1071 (full 1015):
 garbage-first heap   total 55296K, used 15319K [0x00000000c9400000, 0x0000000100000000)
  region size 1024K, 1 young (1024K), 0 survivors (0K)
 Metaspace       used 40948K, committed 41408K, reserved 1089536K
  class space    used 5642K, committed 5824K, reserved 1048576K
}
Event: 10513.875 GC heap after
{Heap after GC invocations=1072 (full 1016):
 garbage-first heap   total 55296K, used 15319K [0x00000000c9400000, 0x0000000100000000)
  region size 1024K, 0 young (0K), 0 survivors (0K)
 Metaspace       used 40948K, committed 41408K, reserved 1089536K
  class space    used 5642K, committed 5824K, reserved 1048576K
}
Event: 10524.033 GC heap before
{Heap before GC invocations=1072 (full 1016):
 garbage-first heap   total 55296K, used 15319K [0x00000000c9400000, 0x0000000100000000)
  region size 1024K, 1 young (1024K), 0 survivors (0K)
 Metaspace       used 40948K, committed 41408K, reserved 1089536K
  class space    used 5642K, committed 5824K, reserved 1048576K
}
Event: 10524.058 GC heap after
{Heap after GC invocations=1073 (full 1017):
 garbage-first heap   total 55296K, used 15319K [0x00000000c9400000, 0x0000000100000000)
  region size 1024K, 0 young (0K), 0 survivors (0K)
 Metaspace       used 40948K, committed 41408K, reserved 1089536K
  class space    used 5642K, committed 5824K, reserved 1048576K
}
Event: 10534.200 GC heap before
{Heap before GC invocations=1073 (full 1017):
 garbage-first heap   total 55296K, used 15319K [0x00000000c9400000, 0x0000000100000000)
  region size 1024K, 1 young (1024K), 0 survivors (0K)
 Metaspace       used 40948K, committed 41408K, reserved 1089536K
  class space    used 5642K, committed 5824K, reserved 1048576K
}
Event: 10534.225 GC heap after
{Heap after GC invocations=1074 (full 1018):
 garbage-first heap   total 55296K, used 15319K [0x00000000c9400000, 0x0000000100000000)
  region size 1024K, 0 young (0K), 0 survivors (0K)
 Metaspace       used 40948K, committed 41408K, reserved 1089536K
  class space    used 5642K, committed 5824K, reserved 1048576K
}

